{
  "stats": {
    "suites": 0,
    "tests": 1,
    "passes": 1,
    "pending": 0,
    "failures": 0,
    "start": "2023-07-04T09:14:46.473Z",
    "end": "2023-07-04T09:14:55.469Z",
    "duration": 8996,
    "testsRegistered": 1,
    "passPercent": 100,
    "pendingPercent": 0,
    "other": 0,
    "hasOther": false,
    "skipped": 0,
    "hasSkipped": false
  },
  "results": [
    {
      "uuid": "165d88d3-07e1-4536-b752-65626f2c943b",
      "title": "",
      "fullFile": "cypress/integration/add_to_cart.ts",
      "file": "cypress/integration/add_to_cart.ts",
      "beforeHooks": [],
      "afterHooks": [],
      "tests": [
        {
          "title": "Test Add Item to Cart",
          "fullTitle": "Test Add Item to Cart",
          "timedOut": null,
          "duration": 5663,
          "state": "passed",
          "speed": "medium",
          "pass": true,
          "fail": false,
          "pending": false,
          "context": null,
          "code": "loginPage.login(URL, 'standard_user', 'secret_sauce');\nloginPage.assertLogin();\ndashboardPage.sauceLabsBackpack();\ndashboardPage.addToCart();",
          "err": {},
          "uuid": "7474f0cc-47c9-4c8e-9249-ee98f362498d",
          "parentUUID": "165d88d3-07e1-4536-b752-65626f2c943b",
          "isHook": false,
          "skipped": false
        }
      ],
      "suites": [],
      "passes": [
        "7474f0cc-47c9-4c8e-9249-ee98f362498d"
      ],
      "failures": [],
      "pending": [],
      "skipped": [],
      "duration": 5663,
      "root": true,
      "rootEmpty": false,
      "_timeout": 2000
    }
  ],
  "meta": {
    "mocha": {
      "version": "7.0.1"
    },
    "mochawesome": {
      "options": {
        "quiet": false,
        "reportFilename": "mochawesome",
        "saveHtml": false,
        "saveJson": true,
        "consoleReporter": "spec",
        "useInlineDiffs": false,
        "code": true
      },
      "version": "7.1.3"
    },
    "marge": {
      "options": {
        "chart": true,
        "overwrite": false,
        "html": false,
        "json": true,
        "reportDir": "cypress/reports"
      },
      "version": "6.2.0"
    }
  }
}