{
  "stats": {
    "suites": 0,
    "tests": 1,
    "passes": 1,
    "pending": 0,
    "failures": 0,
    "start": "2023-07-04T07:51:08.147Z",
    "end": "2023-07-04T07:51:13.249Z",
    "duration": 5102,
    "testsRegistered": 1,
    "passPercent": 100,
    "pendingPercent": 0,
    "other": 0,
    "hasOther": false,
    "skipped": 0,
    "hasSkipped": false
  },
  "results": [
    {
      "uuid": "42c55a62-323c-47e0-a1bb-8f01bd47ccb4",
      "title": "",
      "fullFile": "cypress/integration/add_to_cart.ts",
      "file": "cypress/integration/add_to_cart.ts",
      "beforeHooks": [],
      "afterHooks": [],
      "tests": [
        {
          "title": "Test Add Item to Cart",
          "fullTitle": "Test Add Item to Cart",
          "timedOut": null,
          "duration": 3326,
          "state": "passed",
          "speed": "fast",
          "pass": true,
          "fail": false,
          "pending": false,
          "context": null,
          "code": "loginPage.login(URL, 'standard_user', 'secret_sauce');\nloginPage.assertLogin();\ndashboardPage.sauceLabsBackpack();\ndashboardPage.addToCart();",
          "err": {},
          "uuid": "691099e4-ad33-4279-bced-818021f16d1d",
          "parentUUID": "42c55a62-323c-47e0-a1bb-8f01bd47ccb4",
          "isHook": false,
          "skipped": false
        }
      ],
      "suites": [],
      "passes": [
        "691099e4-ad33-4279-bced-818021f16d1d"
      ],
      "failures": [],
      "pending": [],
      "skipped": [],
      "duration": 3326,
      "root": true,
      "rootEmpty": false,
      "_timeout": 2000
    }
  ],
  "meta": {
    "mocha": {
      "version": "7.0.1"
    },
    "mochawesome": {
      "options": {
        "quiet": false,
        "reportFilename": "mochawesome",
        "saveHtml": false,
        "saveJson": true,
        "consoleReporter": "spec",
        "useInlineDiffs": false,
        "code": true
      },
      "version": "7.1.3"
    },
    "marge": {
      "options": {
        "chart": true,
        "overwrite": false,
        "html": false,
        "json": true,
        "reportDir": "cypress/reports"
      },
      "version": "6.2.0"
    }
  }
}