{
  "stats": {
    "suites": 0,
    "tests": 1,
    "passes": 0,
    "pending": 0,
    "failures": 1,
    "start": "2023-07-04T07:56:20.606Z",
    "end": "2023-07-04T07:56:28.841Z",
    "duration": 8235,
    "testsRegistered": 1,
    "passPercent": 0,
    "pendingPercent": 0,
    "other": 0,
    "hasOther": false,
    "skipped": 0,
    "hasSkipped": false
  },
  "results": [
    {
      "uuid": "dfa2d2eb-4282-4952-8785-75e9ed3b41c6",
      "title": "",
      "fullFile": "cypress/integration/checkout_process.ts",
      "file": "cypress/integration/checkout_process.ts",
      "beforeHooks": [],
      "afterHooks": [],
      "tests": [
        {
          "title": "Test Checkout Process",
          "fullTitle": "Test Checkout Process",
          "timedOut": null,
          "duration": 7267,
          "state": "failed",
          "speed": null,
          "pass": false,
          "fail": true,
          "pending": false,
          "context": null,
          "code": "loginPage.login(URL, 'standard_user', 'secret_sauce');\nloginPage.assertLogin();\ndashboardPage.sauceLabsBackpack();\ndashboardPage.addToCart();\ncheckoutPage.goToCart();\ncheckoutPage.verifyCartPage();\ncheckoutPage.clickCheckout();\ncheckoutPage.fillFirstName('First');\ncheckoutPage.fillLastName('Last');\ncheckoutPage.fillPostalCode('2000');\ncheckoutPage.clickContinue();\ncheckoutPage.verifyCheckoutOverview();\ncheckoutPage.clickFinish();\ncheckoutPage.verifyOrderConfirmation();",
          "err": {
            "message": "AssertionError: Timed out retrying after 4000ms: Expected to find element: `complete-header`, but never found it.",
            "estack": "AssertionError: Timed out retrying after 4000ms: Expected to find element: `complete-header`, but never found it.\n    at CheckoutPage.verifyOrderConfirmation (https://www.saucedemo.com/__cypress/tests?p=..\\..\\..\\..\\..\\Seminar%20%26%20Training\\Sanbercode%20-%20QA\\Tugas\\Final\\tugas-akhir-cypress-typescript-QA-sanbercode-batch-45\\cypress\\integration\\checkout_process.ts:192:38)\n    at Context.eval (https://www.saucedemo.com/__cypress/tests?p=..\\..\\..\\..\\..\\Seminar%20%26%20Training\\Sanbercode%20-%20QA\\Tugas\\Final\\tugas-akhir-cypress-typescript-QA-sanbercode-batch-45\\cypress\\integration\\checkout_process.ts:120:18)",
            "diff": null
          },
          "uuid": "f9e8999e-b20c-4be2-9dd5-f90e79e17bb6",
          "parentUUID": "dfa2d2eb-4282-4952-8785-75e9ed3b41c6",
          "isHook": false,
          "skipped": false
        }
      ],
      "suites": [],
      "passes": [],
      "failures": [
        "f9e8999e-b20c-4be2-9dd5-f90e79e17bb6"
      ],
      "pending": [],
      "skipped": [],
      "duration": 7267,
      "root": true,
      "rootEmpty": false,
      "_timeout": 2000
    }
  ],
  "meta": {
    "mocha": {
      "version": "7.0.1"
    },
    "mochawesome": {
      "options": {
        "quiet": false,
        "reportFilename": "mochawesome",
        "saveHtml": false,
        "saveJson": true,
        "consoleReporter": "spec",
        "useInlineDiffs": false,
        "code": true
      },
      "version": "7.1.3"
    },
    "marge": {
      "options": {
        "chart": true,
        "overwrite": false,
        "html": false,
        "json": true,
        "reportDir": "cypress/reports"
      },
      "version": "6.2.0"
    }
  }
}