{
  "stats": {
    "suites": 0,
    "tests": 1,
    "passes": 1,
    "pending": 0,
    "failures": 0,
    "start": "2023-07-04T09:15:00.747Z",
    "end": "2023-07-04T09:15:07.803Z",
    "duration": 7056,
    "testsRegistered": 1,
    "passPercent": 100,
    "pendingPercent": 0,
    "other": 0,
    "hasOther": false,
    "skipped": 0,
    "hasSkipped": false
  },
  "results": [
    {
      "uuid": "5ed0008d-f7d9-4814-8e16-a261d6c202f5",
      "title": "",
      "fullFile": "cypress/integration/checkout_process.ts",
      "file": "cypress/integration/checkout_process.ts",
      "beforeHooks": [],
      "afterHooks": [],
      "tests": [
        {
          "title": "Test Checkout Process",
          "fullTitle": "Test Checkout Process",
          "timedOut": null,
          "duration": 5044,
          "state": "passed",
          "speed": "medium",
          "pass": true,
          "fail": false,
          "pending": false,
          "context": null,
          "code": "loginPage.login(URL, 'standard_user', 'secret_sauce');\nloginPage.assertLogin();\ndashboardPage.sauceLabsBackpack();\ndashboardPage.addToCart();\ncheckoutPage.goToCart();\ncheckoutPage.verifyCartPage();\ncheckoutPage.clickCheckout();\ncheckoutPage.fillFirstName('First');\ncheckoutPage.fillLastName('Last');\ncheckoutPage.fillPostalCode('2000');\ncheckoutPage.clickContinue();\ncheckoutPage.verifyCheckoutOverview();\ncheckoutPage.clickFinish();\ncheckoutPage.verifyOrderConfirmation();",
          "err": {},
          "uuid": "03a20f67-5407-43b9-92c5-76261c9dcf43",
          "parentUUID": "5ed0008d-f7d9-4814-8e16-a261d6c202f5",
          "isHook": false,
          "skipped": false
        }
      ],
      "suites": [],
      "passes": [
        "03a20f67-5407-43b9-92c5-76261c9dcf43"
      ],
      "failures": [],
      "pending": [],
      "skipped": [],
      "duration": 5044,
      "root": true,
      "rootEmpty": false,
      "_timeout": 2000
    }
  ],
  "meta": {
    "mocha": {
      "version": "7.0.1"
    },
    "mochawesome": {
      "options": {
        "quiet": false,
        "reportFilename": "mochawesome",
        "saveHtml": false,
        "saveJson": true,
        "consoleReporter": "spec",
        "useInlineDiffs": false,
        "code": true
      },
      "version": "7.1.3"
    },
    "marge": {
      "options": {
        "chart": true,
        "overwrite": false,
        "html": false,
        "json": true,
        "reportDir": "cypress/reports"
      },
      "version": "6.2.0"
    }
  }
}